[debug] [2024-08-09T02:13:45.069Z] ----------------------------------------------------------------------
[debug] [2024-08-09T02:13:45.076Z] Command:       C:\Program Files\nodejs\node.exe C:\Users\tony2\AppData\Roaming\npm\node_modules\firebase-tools\lib\bin\firebase.js init
[debug] [2024-08-09T02:13:45.077Z] CLI Version:   13.15.0
[debug] [2024-08-09T02:13:45.077Z] Platform:      win32
[debug] [2024-08-09T02:13:45.077Z] Node Version:  v20.16.0
[debug] [2024-08-09T02:13:45.078Z] Time:          Fri Aug 09 2024 09:13:45 GMT+0700 (heure d’Indochine)
[debug] [2024-08-09T02:13:45.078Z] ----------------------------------------------------------------------
[debug] 
[debug] [2024-08-09T02:13:45.253Z] > command requires scopes: ["email","openid","https://www.googleapis.com/auth/cloudplatformprojects.readonly","https://www.googleapis.com/auth/firebase","https://www.googleapis.com/auth/cloud-platform"]
[debug] [2024-08-09T02:13:45.255Z] > authorizing via signed-in user (blindboxcollection@gmail.com)
[info] 
     ######## #### ########  ######## ########     ###     ######  ########
     ##        ##  ##     ## ##       ##     ##  ##   ##  ##       ##
     ######    ##  ########  ######   ########  #########  ######  ######
     ##        ##  ##    ##  ##       ##     ## ##     ##       ## ##
     ##       #### ##     ## ######## ########  ##     ##  ######  ########

You're about to initialize a Firebase project in this directory:

  C:\Users\tony2\next-project\01_010824\preline

Before we get started, keep in mind:

  * You are initializing within an existing Firebase project directory

